<?xml version="1.0" encoding="UTF-8"?>
<testsuite name="com.ssshyeon.admin.domain.posts.PostsRepositoryTest" tests="2" skipped="0" failures="0" errors="0" timestamp="2023-02-06T07:06:31" hostname="DESKTOP-EE4V5PM" time="0.205">
  <properties/>
  <testcase name="게시글저장_불러오기" classname="com.ssshyeon.admin.domain.posts.PostsRepositoryTest" time="0.178"/>
  <testcase name="BaseTimeEntity_등록" classname="com.ssshyeon.admin.domain.posts.PostsRepositoryTest" time="0.026"/>
  <system-out><![CDATA[2023-02-06 16:06:28.364  INFO 1788 --- [    Test worker] .b.t.c.SpringBootTestContextBootstrapper : Neither @ContextConfiguration nor @ContextHierarchy found for test class [com.ssshyeon.admin.domain.posts.PostsRepositoryTest], using SpringBootContextLoader
2023-02-06 16:06:28.365  INFO 1788 --- [    Test worker] o.s.t.c.support.AbstractContextLoader    : Could not detect default resource locations for test class [com.ssshyeon.admin.domain.posts.PostsRepositoryTest]: no resource found for suffixes {-context.xml, Context.groovy}.
2023-02-06 16:06:28.365  INFO 1788 --- [    Test worker] t.c.s.AnnotationConfigContextLoaderUtils : Could not detect default configuration classes for test class [com.ssshyeon.admin.domain.posts.PostsRepositoryTest]: PostsRepositoryTest does not declare any static, non-private, non-final, nested classes annotated with @Configuration.
2023-02-06 16:06:28.376  INFO 1788 --- [    Test worker] .b.t.c.SpringBootTestContextBootstrapper : Found @SpringBootConfiguration com.ssshyeon.admin.Application for test class com.ssshyeon.admin.domain.posts.PostsRepositoryTest
2023-02-06 16:06:28.380  INFO 1788 --- [    Test worker] .b.t.c.SpringBootTestContextBootstrapper : Loaded default TestExecutionListener class names from location [META-INF/spring.factories]: [org.springframework.security.test.context.support.WithSecurityContextTestExecutionListener, org.springframework.security.test.context.support.ReactorContextTestExecutionListener, org.springframework.boot.test.autoconfigure.restdocs.RestDocsTestExecutionListener, org.springframework.boot.test.autoconfigure.web.client.MockRestServiceServerResetTestExecutionListener, org.springframework.boot.test.autoconfigure.web.servlet.MockMvcPrintOnlyOnFailureTestExecutionListener, org.springframework.boot.test.autoconfigure.web.servlet.WebDriverTestExecutionListener, org.springframework.boot.test.mock.mockito.MockitoTestExecutionListener, org.springframework.boot.test.mock.mockito.ResetMocksTestExecutionListener, org.springframework.test.context.web.ServletTestExecutionListener, org.springframework.test.context.support.DirtiesContextBeforeModesTestExecutionListener, org.springframework.test.context.support.DependencyInjectionTestExecutionListener, org.springframework.test.context.support.DirtiesContextTestExecutionListener, org.springframework.test.context.transaction.TransactionalTestExecutionListener, org.springframework.test.context.jdbc.SqlScriptsTestExecutionListener]
2023-02-06 16:06:28.382  INFO 1788 --- [    Test worker] .b.t.c.SpringBootTestContextBootstrapper : Using TestExecutionListeners: [org.springframework.test.context.web.ServletTestExecutionListener@340c5fb6, org.springframework.test.context.support.DirtiesContextBeforeModesTestExecutionListener@322b09da, org.springframework.boot.test.mock.mockito.MockitoTestExecutionListener@45d389f2, org.springframework.boot.test.autoconfigure.SpringBootDependencyInjectionTestExecutionListener@308e87a1, org.springframework.test.context.support.DirtiesContextTestExecutionListener@66298fe9, org.springframework.test.context.transaction.TransactionalTestExecutionListener@c262f2f, org.springframework.test.context.jdbc.SqlScriptsTestExecutionListener@5563bb40, org.springframework.security.test.context.support.WithSecurityContextTestExecutionListener@11148dc2, org.springframework.security.test.context.support.ReactorContextTestExecutionListener@3be80ece, org.springframework.boot.test.autoconfigure.restdocs.RestDocsTestExecutionListener@60a01cb, org.springframework.boot.test.autoconfigure.web.client.MockRestServiceServerResetTestExecutionListener@4efb13f1, org.springframework.boot.test.autoconfigure.web.servlet.MockMvcPrintOnlyOnFailureTestExecutionListener@7bb4ed71, org.springframework.boot.test.autoconfigure.web.servlet.WebDriverTestExecutionListener@5112b7, org.springframework.boot.test.mock.mockito.ResetMocksTestExecutionListener@56835f2f]

  .   ____          _            __ _ _
 /\\ / ___'_ __ _ _(_)_ __  __ _ \ \ \ \
( ( )\___ | '_ | '_| | '_ \/ _` | \ \ \ \
 \\/  ___)| |_)| | | | | || (_| |  ) ) ) )
  '  |____| .__|_| |_|_| |_\__, | / / / /
 =========|_|==============|___/=/_/_/_/
 :: Spring Boot ::        (v2.1.7.RELEASE)

2023-02-06 16:06:28.406  INFO 1788 --- [    Test worker] c.s.a.domain.posts.PostsRepositoryTest   : Starting PostsRepositoryTest on DESKTOP-EE4V5PM with PID 1788 (started by SuHyeon in C:\SourceCode\IdeaProjects\first_springboot)
2023-02-06 16:06:28.406  INFO 1788 --- [    Test worker] c.s.a.domain.posts.PostsRepositoryTest   : The following profiles are active: oauth
2023-02-06 16:06:28.756  INFO 1788 --- [    Test worker] .s.d.r.c.RepositoryConfigurationDelegate : Bootstrapping Spring Data repositories in DEFAULT mode.
2023-02-06 16:06:28.816  INFO 1788 --- [    Test worker] .s.d.r.c.RepositoryConfigurationDelegate : Finished Spring Data repository scanning in 54ms. Found 2 repository interfaces.
2023-02-06 16:06:29.079  INFO 1788 --- [    Test worker] trationDelegate$BeanPostProcessorChecker : Bean 'org.springframework.transaction.annotation.ProxyTransactionManagementConfiguration' of type [org.springframework.transaction.annotation.ProxyTransactionManagementConfiguration$$EnhancerBySpringCGLIB$$d8f805d5] is not eligible for getting processed by all BeanPostProcessors (for example: not eligible for auto-proxying)
2023-02-06 16:06:29.253  INFO 1788 --- [    Test worker] com.zaxxer.hikari.HikariDataSource       : HikariPool-1 - Starting...
2023-02-06 16:06:29.413  INFO 1788 --- [    Test worker] com.zaxxer.hikari.HikariDataSource       : HikariPool-1 - Start completed.
2023-02-06 16:06:29.537  INFO 1788 --- [    Test worker] o.hibernate.jpa.internal.util.LogHelper  : HHH000204: Processing PersistenceUnitInfo [
	name: default
	...]
2023-02-06 16:06:29.620  INFO 1788 --- [    Test worker] org.hibernate.Version                    : HHH000412: Hibernate Core {5.3.10.Final}
2023-02-06 16:06:29.621  INFO 1788 --- [    Test worker] org.hibernate.cfg.Environment            : HHH000206: hibernate.properties not found
2023-02-06 16:06:29.672  INFO 1788 --- [    Test worker] o.hibernate.annotations.common.Version   : HCANN000001: Hibernate Commons Annotations {5.0.4.Final}
2023-02-06 16:06:29.853  INFO 1788 --- [    Test worker] org.hibernate.dialect.Dialect            : HHH000400: Using dialect: org.hibernate.dialect.MySQL5InnoDBDialect
Hibernate: drop table if exists posts
Hibernate: drop table if exists user
Hibernate: create table posts (id bigint not null auto_increment, created_date datetime, modified_date datetime, author varchar(255), content TEXT not null, title varchar(500) not null, primary key (id)) engine=InnoDB
Hibernate: create table user (id bigint not null auto_increment, created_date datetime, modified_date datetime, email varchar(255) not null, name varchar(255) not null, picture varchar(255), role varchar(255) not null, primary key (id)) engine=InnoDB
2023-02-06 16:06:30.354  INFO 1788 --- [    Test worker] o.h.t.schema.internal.SchemaCreatorImpl  : HHH000476: Executing import script 'org.hibernate.tool.schema.internal.exec.ScriptSourceInputNonExistentImpl@65fe1f47'
2023-02-06 16:06:30.357  INFO 1788 --- [    Test worker] j.LocalContainerEntityManagerFactoryBean : Initialized JPA EntityManagerFactory for persistence unit 'default'
2023-02-06 16:06:30.897  INFO 1788 --- [    Test worker] o.h.h.i.QueryTranslatorFactoryInitiator  : HHH000397: Using ASTQueryTranslatorFactory
2023-02-06 16:06:31.195  INFO 1788 --- [    Test worker] o.s.s.web.DefaultSecurityFilterChain     : Creating filter chain: any request, [org.springframework.security.web.context.request.async.WebAsyncManagerIntegrationFilter@62ad5f35, org.springframework.security.web.context.SecurityContextPersistenceFilter@580a5b6e, org.springframework.security.web.header.HeaderWriterFilter@a3f1f32, org.springframework.security.web.authentication.logout.LogoutFilter@14927cd4, org.springframework.security.oauth2.client.web.OAuth2AuthorizationRequestRedirectFilter@30942f54, org.springframework.security.oauth2.client.web.OAuth2LoginAuthenticationFilter@34947355, org.springframework.security.web.authentication.ui.DefaultLoginPageGeneratingFilter@1ec98548, org.springframework.security.web.authentication.ui.DefaultLogoutPageGeneratingFilter@5e6ad84c, org.springframework.security.web.savedrequest.RequestCacheAwareFilter@66450129, org.springframework.security.web.servletapi.SecurityContextHolderAwareRequestFilter@14f1545c, org.springframework.security.web.authentication.AnonymousAuthenticationFilter@4117e0c9, org.springframework.security.web.session.SessionManagementFilter@67fda9fb, org.springframework.security.web.access.ExceptionTranslationFilter@2a728076, org.springframework.security.web.access.intercept.FilterSecurityInterceptor@713c8cbb]
2023-02-06 16:06:31.481  INFO 1788 --- [    Test worker] o.s.s.concurrent.ThreadPoolTaskExecutor  : Initializing ExecutorService 'applicationTaskExecutor'
2023-02-06 16:06:31.493  WARN 1788 --- [    Test worker] aWebConfiguration$JpaWebMvcConfiguration : spring.jpa.open-in-view is enabled by default. Therefore, database queries may be performed during view rendering. Explicitly configure spring.jpa.open-in-view to disable this warning
2023-02-06 16:06:31.516  INFO 1788 --- [    Test worker] o.s.b.a.w.s.WelcomePageHandlerMapping    : Adding welcome page template: index
2023-02-06 16:06:31.851  INFO 1788 --- [    Test worker] s.a.ScheduledAnnotationBeanPostProcessor : No TaskScheduler/ScheduledExecutorService bean found for scheduled processing
2023-02-06 16:06:31.859  INFO 1788 --- [    Test worker] c.s.a.domain.posts.PostsRepositoryTest   : Started PostsRepositoryTest in 3.475 seconds (JVM running for 7.914)
Hibernate: insert into posts (created_date, modified_date, author, content, title) values (?, ?, ?, ?, ?)
Hibernate: select posts0_.id as id1_0_, posts0_.created_date as created_2_0_, posts0_.modified_date as modified3_0_, posts0_.author as author4_0_, posts0_.content as content5_0_, posts0_.title as title6_0_ from posts posts0_
Hibernate: select posts0_.id as id1_0_, posts0_.created_date as created_2_0_, posts0_.modified_date as modified3_0_, posts0_.author as author4_0_, posts0_.content as content5_0_, posts0_.title as title6_0_ from posts posts0_
Hibernate: delete from posts where id=?
Hibernate: insert into posts (created_date, modified_date, author, content, title) values (?, ?, ?, ?, ?)
Hibernate: select posts0_.id as id1_0_, posts0_.created_date as created_2_0_, posts0_.modified_date as modified3_0_, posts0_.author as author4_0_, posts0_.content as content5_0_, posts0_.title as title6_0_ from posts posts0_
>>>>>>>>>>> createDate=2023-02-06T16:06:32.046043, modifiedDate=2023-02-06T16:06:32.046043
Hibernate: select posts0_.id as id1_0_, posts0_.created_date as created_2_0_, posts0_.modified_date as modified3_0_, posts0_.author as author4_0_, posts0_.content as content5_0_, posts0_.title as title6_0_ from posts posts0_
Hibernate: delete from posts where id=?
]]></system-out>
  <system-err><![CDATA[]]></system-err>
</testsuite>
