<?xml version="1.0" encoding="UTF-8"?>
<testsuite name="com.ssshyeon.admin.web.HelloControllerTest" tests="2" skipped="0" failures="0" errors="0" timestamp="2023-02-06T07:06:27" hostname="DESKTOP-EE4V5PM" time="0.524">
  <properties/>
  <testcase name="hello가_리턴된다" classname="com.ssshyeon.admin.web.HelloControllerTest" time="0.467"/>
  <testcase name="helloDto가_리턴된다" classname="com.ssshyeon.admin.web.HelloControllerTest" time="0.056"/>
  <system-out><![CDATA[16:06:24.719 [Test worker] DEBUG org.springframework.test.context.junit4.SpringJUnit4ClassRunner - SpringJUnit4ClassRunner constructor called with [class com.ssshyeon.admin.web.HelloControllerTest]
16:06:24.729 [Test worker] DEBUG org.springframework.test.context.BootstrapUtils - Instantiating CacheAwareContextLoaderDelegate from class [org.springframework.test.context.cache.DefaultCacheAwareContextLoaderDelegate]
16:06:24.737 [Test worker] DEBUG org.springframework.test.context.BootstrapUtils - Instantiating BootstrapContext using constructor [public org.springframework.test.context.support.DefaultBootstrapContext(java.lang.Class,org.springframework.test.context.CacheAwareContextLoaderDelegate)]
16:06:24.756 [Test worker] DEBUG org.springframework.test.context.BootstrapUtils - Instantiating TestContextBootstrapper for test class [com.ssshyeon.admin.web.HelloControllerTest] from class [org.springframework.boot.test.autoconfigure.web.servlet.WebMvcTestContextBootstrapper]
16:06:24.771 [Test worker] INFO org.springframework.boot.test.autoconfigure.web.servlet.WebMvcTestContextBootstrapper - Neither @ContextConfiguration nor @ContextHierarchy found for test class [com.ssshyeon.admin.web.HelloControllerTest], using SpringBootContextLoader
16:06:24.774 [Test worker] DEBUG org.springframework.test.context.support.AbstractContextLoader - Did not detect default resource location for test class [com.ssshyeon.admin.web.HelloControllerTest]: class path resource [com/ssshyeon/admin/web/HelloControllerTest-context.xml] does not exist
16:06:24.776 [Test worker] DEBUG org.springframework.test.context.support.AbstractContextLoader - Did not detect default resource location for test class [com.ssshyeon.admin.web.HelloControllerTest]: class path resource [com/ssshyeon/admin/web/HelloControllerTestContext.groovy] does not exist
16:06:24.785 [Test worker] INFO org.springframework.test.context.support.AbstractContextLoader - Could not detect default resource locations for test class [com.ssshyeon.admin.web.HelloControllerTest]: no resource found for suffixes {-context.xml, Context.groovy}.
16:06:24.786 [Test worker] INFO org.springframework.test.context.support.AnnotationConfigContextLoaderUtils - Could not detect default configuration classes for test class [com.ssshyeon.admin.web.HelloControllerTest]: HelloControllerTest does not declare any static, non-private, non-final, nested classes annotated with @Configuration.
16:06:24.868 [Test worker] DEBUG org.springframework.test.context.support.ActiveProfilesUtils - Could not find an 'annotation declaring class' for annotation type [org.springframework.test.context.ActiveProfiles] and class [com.ssshyeon.admin.web.HelloControllerTest]
16:06:24.958 [Test worker] DEBUG org.springframework.context.annotation.ClassPathScanningCandidateComponentProvider - Identified candidate component class: file [C:\SourceCode\IdeaProjects\first_springboot\build\classes\java\main\com\ssshyeon\admin\Application.class]
16:06:24.959 [Test worker] INFO org.springframework.boot.test.context.SpringBootTestContextBootstrapper - Found @SpringBootConfiguration com.ssshyeon.admin.Application for test class com.ssshyeon.admin.web.HelloControllerTest
16:06:24.961 [Test worker] DEBUG org.springframework.boot.test.autoconfigure.web.servlet.WebMvcTestContextBootstrapper - @TestExecutionListeners is not present for class [com.ssshyeon.admin.web.HelloControllerTest]: using defaults.
16:06:24.961 [Test worker] INFO org.springframework.boot.test.autoconfigure.web.servlet.WebMvcTestContextBootstrapper - Loaded default TestExecutionListener class names from location [META-INF/spring.factories]: [org.springframework.security.test.context.support.WithSecurityContextTestExecutionListener, org.springframework.security.test.context.support.ReactorContextTestExecutionListener, org.springframework.boot.test.autoconfigure.restdocs.RestDocsTestExecutionListener, org.springframework.boot.test.autoconfigure.web.client.MockRestServiceServerResetTestExecutionListener, org.springframework.boot.test.autoconfigure.web.servlet.MockMvcPrintOnlyOnFailureTestExecutionListener, org.springframework.boot.test.autoconfigure.web.servlet.WebDriverTestExecutionListener, org.springframework.boot.test.mock.mockito.MockitoTestExecutionListener, org.springframework.boot.test.mock.mockito.ResetMocksTestExecutionListener, org.springframework.test.context.web.ServletTestExecutionListener, org.springframework.test.context.support.DirtiesContextBeforeModesTestExecutionListener, org.springframework.test.context.support.DependencyInjectionTestExecutionListener, org.springframework.test.context.support.DirtiesContextTestExecutionListener, org.springframework.test.context.transaction.TransactionalTestExecutionListener, org.springframework.test.context.jdbc.SqlScriptsTestExecutionListener]
16:06:24.979 [Test worker] INFO org.springframework.boot.test.autoconfigure.web.servlet.WebMvcTestContextBootstrapper - Using TestExecutionListeners: [org.springframework.test.context.web.ServletTestExecutionListener@2371aaca, org.springframework.test.context.support.DirtiesContextBeforeModesTestExecutionListener@5b529706, org.springframework.boot.test.mock.mockito.MockitoTestExecutionListener@63fdab07, org.springframework.boot.test.autoconfigure.SpringBootDependencyInjectionTestExecutionListener@7b5a12ae, org.springframework.test.context.support.DirtiesContextTestExecutionListener@5553d0f5, org.springframework.test.context.transaction.TransactionalTestExecutionListener@1af687fe, org.springframework.test.context.jdbc.SqlScriptsTestExecutionListener@14dda234, org.springframework.security.test.context.support.WithSecurityContextTestExecutionListener@3f390d63, org.springframework.security.test.context.support.ReactorContextTestExecutionListener@74a6a609, org.springframework.boot.test.autoconfigure.restdocs.RestDocsTestExecutionListener@5a411614, org.springframework.boot.test.autoconfigure.web.client.MockRestServiceServerResetTestExecutionListener@2374d36a, org.springframework.boot.test.autoconfigure.web.servlet.MockMvcPrintOnlyOnFailureTestExecutionListener@54d18072, org.springframework.boot.test.autoconfigure.web.servlet.WebDriverTestExecutionListener@1506f20f, org.springframework.boot.test.mock.mockito.ResetMocksTestExecutionListener@47a5b70d]
16:06:24.982 [Test worker] DEBUG org.springframework.test.annotation.ProfileValueUtils - Retrieved @ProfileValueSourceConfiguration [null] for test class [com.ssshyeon.admin.web.HelloControllerTest]
16:06:24.983 [Test worker] DEBUG org.springframework.test.annotation.ProfileValueUtils - Retrieved ProfileValueSource type [class org.springframework.test.annotation.SystemProfileValueSource] for class [com.ssshyeon.admin.web.HelloControllerTest]
16:06:24.983 [Test worker] DEBUG org.springframework.test.annotation.ProfileValueUtils - Retrieved @ProfileValueSourceConfiguration [null] for test class [com.ssshyeon.admin.web.HelloControllerTest]
16:06:24.983 [Test worker] DEBUG org.springframework.test.annotation.ProfileValueUtils - Retrieved ProfileValueSource type [class org.springframework.test.annotation.SystemProfileValueSource] for class [com.ssshyeon.admin.web.HelloControllerTest]
16:06:24.989 [Test worker] DEBUG org.springframework.test.context.support.AbstractDirtiesContextTestExecutionListener - Before test class: context [DefaultTestContext@4ba302e0 testClass = HelloControllerTest, testInstance = [null], testMethod = [null], testException = [null], mergedContextConfiguration = [WebMergedContextConfiguration@e98770d testClass = HelloControllerTest, locations = '{}', classes = '{class com.ssshyeon.admin.Application}', contextInitializerClasses = '[]', activeProfiles = '{}', propertySourceLocations = '{}', propertySourceProperties = '{org.springframework.boot.test.autoconfigure.web.servlet.WebMvcTestContextBootstrapper=true}', contextCustomizers = set[org.springframework.boot.test.autoconfigure.OverrideAutoConfigurationContextCustomizerFactory$DisableAutoConfigurationContextCustomizer@50d13246, org.springframework.boot.test.autoconfigure.filter.TypeExcludeFiltersContextCustomizer@6858a7b1, org.springframework.boot.test.autoconfigure.properties.PropertyMappingContextCustomizer@a3a8b762, org.springframework.boot.test.autoconfigure.web.servlet.WebDriverContextCustomizerFactory$Customizer@7dda48d9, [ImportsContextCustomizer@1ae67cad key = [org.springframework.boot.autoconfigure.cache.CacheAutoConfiguration, org.springframework.boot.autoconfigure.context.MessageSourceAutoConfiguration, org.springframework.boot.autoconfigure.data.web.SpringDataWebAutoConfiguration, org.springframework.boot.autoconfigure.freemarker.FreeMarkerAutoConfiguration, org.springframework.boot.autoconfigure.groovy.template.GroovyTemplateAutoConfiguration, org.springframework.boot.autoconfigure.gson.GsonAutoConfiguration, org.springframework.boot.autoconfigure.hateoas.HypermediaAutoConfiguration, org.springframework.boot.autoconfigure.http.HttpMessageConvertersAutoConfiguration, org.springframework.boot.autoconfigure.jackson.JacksonAutoConfiguration, org.springframework.boot.autoconfigure.jsonb.JsonbAutoConfiguration, org.springframework.boot.autoconfigure.mustache.MustacheAutoConfiguration, org.springframework.boot.autoconfigure.task.TaskExecutionAutoConfiguration, org.springframework.boot.autoconfigure.thymeleaf.ThymeleafAutoConfiguration, org.springframework.boot.autoconfigure.validation.ValidationAutoConfiguration, org.springframework.boot.autoconfigure.web.servlet.error.ErrorMvcAutoConfiguration, org.springframework.boot.autoconfigure.web.servlet.WebMvcAutoConfiguration, org.springframework.boot.test.autoconfigure.web.servlet.MockMvcAutoConfiguration, org.springframework.boot.test.autoconfigure.web.servlet.MockMvcSecurityAutoConfiguration, org.springframework.boot.test.autoconfigure.web.servlet.MockMvcWebClientAutoConfiguration, org.springframework.boot.test.autoconfigure.web.servlet.MockMvcWebDriverAutoConfiguration]], org.springframework.boot.test.context.filter.ExcludeFilterContextCustomizer@3568f9d2, org.springframework.boot.test.json.DuplicateJsonObjectContextCustomizerFactory$DuplicateJsonObjectContextCustomizer@5b1ebf56, org.springframework.boot.test.mock.mockito.MockitoContextCustomizer@0], resourceBasePath = 'src/main/webapp', contextLoader = 'org.springframework.boot.test.context.SpringBootContextLoader', parent = [null]], attributes = map[[empty]]], class annotated with @DirtiesContext [false] with mode [null].
16:06:24.990 [Test worker] DEBUG org.springframework.test.annotation.ProfileValueUtils - Retrieved @ProfileValueSourceConfiguration [null] for test class [com.ssshyeon.admin.web.HelloControllerTest]
16:06:24.991 [Test worker] DEBUG org.springframework.test.annotation.ProfileValueUtils - Retrieved ProfileValueSource type [class org.springframework.test.annotation.SystemProfileValueSource] for class [com.ssshyeon.admin.web.HelloControllerTest]
16:06:24.995 [Test worker] DEBUG org.springframework.test.context.support.DependencyInjectionTestExecutionListener - Performing dependency injection for test context [[DefaultTestContext@4ba302e0 testClass = HelloControllerTest, testInstance = com.ssshyeon.admin.web.HelloControllerTest@aeab9a1, testMethod = [null], testException = [null], mergedContextConfiguration = [WebMergedContextConfiguration@e98770d testClass = HelloControllerTest, locations = '{}', classes = '{class com.ssshyeon.admin.Application}', contextInitializerClasses = '[]', activeProfiles = '{}', propertySourceLocations = '{}', propertySourceProperties = '{org.springframework.boot.test.autoconfigure.web.servlet.WebMvcTestContextBootstrapper=true}', contextCustomizers = set[org.springframework.boot.test.autoconfigure.OverrideAutoConfigurationContextCustomizerFactory$DisableAutoConfigurationContextCustomizer@50d13246, org.springframework.boot.test.autoconfigure.filter.TypeExcludeFiltersContextCustomizer@6858a7b1, org.springframework.boot.test.autoconfigure.properties.PropertyMappingContextCustomizer@a3a8b762, org.springframework.boot.test.autoconfigure.web.servlet.WebDriverContextCustomizerFactory$Customizer@7dda48d9, [ImportsContextCustomizer@1ae67cad key = [org.springframework.boot.autoconfigure.cache.CacheAutoConfiguration, org.springframework.boot.autoconfigure.context.MessageSourceAutoConfiguration, org.springframework.boot.autoconfigure.data.web.SpringDataWebAutoConfiguration, org.springframework.boot.autoconfigure.freemarker.FreeMarkerAutoConfiguration, org.springframework.boot.autoconfigure.groovy.template.GroovyTemplateAutoConfiguration, org.springframework.boot.autoconfigure.gson.GsonAutoConfiguration, org.springframework.boot.autoconfigure.hateoas.HypermediaAutoConfiguration, org.springframework.boot.autoconfigure.http.HttpMessageConvertersAutoConfiguration, org.springframework.boot.autoconfigure.jackson.JacksonAutoConfiguration, org.springframework.boot.autoconfigure.jsonb.JsonbAutoConfiguration, org.springframework.boot.autoconfigure.mustache.MustacheAutoConfiguration, org.springframework.boot.autoconfigure.task.TaskExecutionAutoConfiguration, org.springframework.boot.autoconfigure.thymeleaf.ThymeleafAutoConfiguration, org.springframework.boot.autoconfigure.validation.ValidationAutoConfiguration, org.springframework.boot.autoconfigure.web.servlet.error.ErrorMvcAutoConfiguration, org.springframework.boot.autoconfigure.web.servlet.WebMvcAutoConfiguration, org.springframework.boot.test.autoconfigure.web.servlet.MockMvcAutoConfiguration, org.springframework.boot.test.autoconfigure.web.servlet.MockMvcSecurityAutoConfiguration, org.springframework.boot.test.autoconfigure.web.servlet.MockMvcWebClientAutoConfiguration, org.springframework.boot.test.autoconfigure.web.servlet.MockMvcWebDriverAutoConfiguration]], org.springframework.boot.test.context.filter.ExcludeFilterContextCustomizer@3568f9d2, org.springframework.boot.test.json.DuplicateJsonObjectContextCustomizerFactory$DuplicateJsonObjectContextCustomizer@5b1ebf56, org.springframework.boot.test.mock.mockito.MockitoContextCustomizer@0], resourceBasePath = 'src/main/webapp', contextLoader = 'org.springframework.boot.test.context.SpringBootContextLoader', parent = [null]], attributes = map[[empty]]]].
16:06:25.104 [Test worker] DEBUG org.springframework.test.context.support.TestPropertySourceUtils - Adding inlined properties to environment: {spring.jmx.enabled=false, org.springframework.boot.test.autoconfigure.web.servlet.WebMvcTestContextBootstrapper=true, server.port=-1}

  .   ____          _            __ _ _
 /\\ / ___'_ __ _ _(_)_ __  __ _ \ \ \ \
( ( )\___ | '_ | '_| | '_ \/ _` | \ \ \ \
 \\/  ___)| |_)| | | | | || (_| |  ) ) ) )
  '  |____| .__|_| |_|_| |_\__, | / / / /
 =========|_|==============|___/=/_/_/_/
 :: Spring Boot ::        (v2.1.7.RELEASE)

2023-02-06 16:06:25.533  INFO 1788 --- [    Test worker] c.s.admin.web.HelloControllerTest        : Starting HelloControllerTest on DESKTOP-EE4V5PM with PID 1788 (started by SuHyeon in C:\SourceCode\IdeaProjects\first_springboot)
2023-02-06 16:06:25.534  INFO 1788 --- [    Test worker] c.s.admin.web.HelloControllerTest        : The following profiles are active: oauth
2023-02-06 16:06:27.013  INFO 1788 --- [    Test worker] o.s.s.concurrent.ThreadPoolTaskExecutor  : Initializing ExecutorService 'applicationTaskExecutor'
2023-02-06 16:06:27.101  INFO 1788 --- [    Test worker] o.s.b.a.w.s.WelcomePageHandlerMapping    : Adding welcome page template: index
2023-02-06 16:06:27.498  INFO 1788 --- [    Test worker] .s.s.UserDetailsServiceAutoConfiguration : 

Using generated security password: 8b7faf77-262b-4135-8698-3efaae7e7e44

2023-02-06 16:06:27.686  INFO 1788 --- [    Test worker] o.s.s.web.DefaultSecurityFilterChain     : Creating filter chain: any request, [org.springframework.security.web.context.request.async.WebAsyncManagerIntegrationFilter@ce12fbb, org.springframework.security.web.context.SecurityContextPersistenceFilter@624b523, org.springframework.security.web.header.HeaderWriterFilter@4e140497, org.springframework.security.web.csrf.CsrfFilter@59845579, org.springframework.security.web.authentication.logout.LogoutFilter@58f31629, org.springframework.security.web.authentication.UsernamePasswordAuthenticationFilter@5c931134, org.springframework.security.web.authentication.ui.DefaultLoginPageGeneratingFilter@d54d0f5, org.springframework.security.web.authentication.ui.DefaultLogoutPageGeneratingFilter@4525e9e8, org.springframework.security.web.authentication.www.BasicAuthenticationFilter@4b325930, org.springframework.security.web.savedrequest.RequestCacheAwareFilter@577bf0aa, org.springframework.security.web.servletapi.SecurityContextHolderAwareRequestFilter@5ed5b321, org.springframework.security.web.authentication.AnonymousAuthenticationFilter@443a53df, org.springframework.security.web.session.SessionManagementFilter@2b6c7012, org.springframework.security.web.access.ExceptionTranslationFilter@49cd946c, org.springframework.security.web.access.intercept.FilterSecurityInterceptor@61e86192]
2023-02-06 16:06:27.739  INFO 1788 --- [    Test worker] o.s.b.t.m.w.SpringBootMockServletContext : Initializing Spring TestDispatcherServlet ''
2023-02-06 16:06:27.739  INFO 1788 --- [    Test worker] o.s.t.web.servlet.TestDispatcherServlet  : Initializing Servlet ''
2023-02-06 16:06:27.756  INFO 1788 --- [    Test worker] o.s.t.web.servlet.TestDispatcherServlet  : Completed initialization in 17 ms
2023-02-06 16:06:27.820  INFO 1788 --- [    Test worker] c.s.admin.web.HelloControllerTest        : Started HelloControllerTest in 2.708 seconds (JVM running for 3.876)
]]></system-out>
  <system-err><![CDATA[]]></system-err>
</testsuite>
